# JRE version: Java(TM) SE Runtime Environment (8.0_211-b12) (build 1.8.0_211-b12)
# Java VM: Java HotSpot(TM) 64-Bit Server VM (25.211-b12 mixed mode windows-amd64 compressed oops)
Heap:
 PSYoungGen      total 651776K, used 469452K [0x00000000d5e00000, 0x0000000100000000, 0x0000000100000000)
  eden space 613376K, 74% used [0x00000000d5e00000,0x00000000f1a73d50,0x00000000fb500000)
  from space 38400K, 37% used [0x00000000fb500000,0x00000000fc2ff3d0,0x00000000fda80000)
  to   space 36352K, 0% used [0x00000000fdc80000,0x00000000fdc80000,0x0000000100000000)
 ParOldGen       total 205312K, used 56706K [0x0000000081a00000, 0x000000008e280000, 0x00000000d5e00000)
  object space 205312K, 27% used [0x0000000081a00000,0x00000000851608d0,0x000000008e280000)
 Metaspace       used 92410K, capacity 98784K, committed 98816K, reserved 1134592K
  class space    used 12433K, capacity 13557K, committed 13568K, reserved 1048576K
GC Heap History (10 events):
Event: 11.231 GC heap before
{Heap before GC invocations=19 (full 3):
 PSYoungGen      total 539648K, used 521216K [0x00000000d5e00000, 0x00000000ff500000, 0x0000000100000000)
  eden space 521216K, 100% used [0x00000000d5e00000,0x00000000f5b00000,0x00000000f5b00000)
  from space 18432K, 0% used [0x00000000f5b00000,0x00000000f5b00000,0x00000000f6d00000)
  to   space 17408K, 0% used [0x00000000fe400000,0x00000000fe400000,0x00000000ff500000)
 ParOldGen       total 129024K, used 32635K [0x0000000081a00000, 0x0000000089800000, 0x00000000d5e00000)
  object space 129024K, 25% used [0x0000000081a00000,0x00000000839def30,0x0000000089800000)
 Metaspace       used 72788K, capacity 76858K, committed 77184K, reserved 1116160K
  class space    used 10045K, capacity 10794K, committed 10880K, reserved 1048576K
Event: 11.259 GC heap after
Heap after GC invocations=19 (full 3):
 PSYoungGen      total 654848K, used 17404K [0x00000000d5e00000, 0x00000000ffc00000, 0x0000000100000000)
  eden space 637440K, 0% used [0x00000000d5e00000,0x00000000d5e00000,0x00000000fcc80000)
  from space 17408K, 99% used [0x00000000fe400000,0x00000000ff4ff360,0x00000000ff500000)
  to   space 24064K, 0% used [0x00000000fcc80000,0x00000000fcc80000,0x00000000fe400000)
 ParOldGen       total 129024K, used 42789K [0x0000000081a00000, 0x0000000089800000, 0x00000000d5e00000)
  object space 129024K, 33% used [0x0000000081a00000,0x00000000843c9558,0x0000000089800000)
 Metaspace       used 72788K, capacity 76858K, committed 77184K, reserved 1116160K
  class space    used 10045K, capacity 10794K, committed 10880K, reserved 1048576K
}
Event: 143.192 GC heap before
{Heap before GC invocations=20 (full 3):
 PSYoungGen      total 654848K, used 654844K [0x00000000d5e00000, 0x00000000ffc00000, 0x0000000100000000)
  eden space 637440K, 100% used [0x00000000d5e00000,0x00000000fcc80000,0x00000000fcc80000)
  from space 17408K, 99% used [0x00000000fe400000,0x00000000ff4ff360,0x00000000ff500000)
  to   space 24064K, 0% used [0x00000000fcc80000,0x00000000fcc80000,0x00000000fe400000)
 ParOldGen       total 129024K, used 42789K [0x0000000081a00000, 0x0000000089800000, 0x00000000d5e00000)
  object space 129024K, 33% used [0x0000000081a00000,0x00000000843c9558,0x0000000089800000)
 Metaspace       used 85244K, capacity 90786K, committed 91008K, reserved 1128448K
  class space    used 11624K, capacity 12578K, committed 12672K, reserved 1048576K
Event: 143.247 GC heap after
Heap after GC invocations=20 (full 3):
 PSYoungGen      total 661504K, used 24032K [0x00000000d5e00000, 0x0000000100000000, 0x0000000100000000)
  eden space 637440K, 0% used [0x00000000d5e00000,0x00000000d5e00000,0x00000000fcc80000)
  from space 24064K, 99% used [0x00000000fcc80000,0x00000000fe3f8300,0x00000000fe400000)
  to   space 28672K, 0% used [0x00000000fe400000,0x00000000fe400000,0x0000000100000000)
 ParOldGen       total 129024K, used 76096K [0x0000000081a00000, 0x0000000089800000, 0x00000000d5e00000)
  object space 129024K, 58% used [0x0000000081a00000,0x00000000864501d8,0x0000000089800000)
 Metaspace       used 85244K, capacity 90786K, committed 91008K, reserved 1128448K
  class space    used 11624K, capacity 12578K, committed 12672K, reserved 1048576K
}
Event: 1311.693 GC heap before
{Heap before GC invocations=21 (full 3):
 PSYoungGen      total 661504K, used 587436K [0x00000000d5e00000, 0x0000000100000000, 0x0000000100000000)
  eden space 637440K, 88% used [0x00000000d5e00000,0x00000000f8433038,0x00000000fcc80000)
  from space 24064K, 99% used [0x00000000fcc80000,0x00000000fe3f8300,0x00000000fe400000)
  to   space 28672K, 0% used [0x00000000fe400000,0x00000000fe400000,0x0000000100000000)
 ParOldGen       total 129024K, used 76096K [0x0000000081a00000, 0x0000000089800000, 0x00000000d5e00000)
  object space 129024K, 58% used [0x0000000081a00000,0x00000000864501d8,0x0000000089800000)
 Metaspace       used 92220K, capacity 98528K, committed 98560K, reserved 1134592K
  class space    used 12430K, capacity 13559K, committed 13568K, reserved 1048576K
Event: 1311.997 GC heap after
Heap after GC invocations=21 (full 3):
 PSYoungGen      total 642048K, used 10073K [0x00000000d5e00000, 0x0000000100000000, 0x0000000100000000)
  eden space 613376K, 0% used [0x00000000d5e00000,0x00000000d5e00000,0x00000000fb500000)
  from space 28672K, 35% used [0x00000000fe400000,0x00000000fedd6740,0x0000000100000000)
  to   space 38400K, 0% used [0x00000000fb500000,0x00000000fb500000,0x00000000fda80000)
 ParOldGen       total 129024K, used 96953K [0x0000000081a00000, 0x0000000089800000, 0x00000000d5e00000)
  object space 129024K, 75% used [0x0000000081a00000,0x00000000878ae758,0x0000000089800000)
 Metaspace       used 92220K, capacity 98528K, committed 98560K, reserved 1134592K
  class space    used 12430K, capacity 13559K, committed 13568K, reserved 1048576K
}
Event: 1311.997 GC heap before
{Heap before GC invocations=22 (full 4):
 PSYoungGen      total 642048K, used 10073K [0x00000000d5e00000, 0x0000000100000000, 0x0000000100000000)
  eden space 613376K, 0% used [0x00000000d5e00000,0x00000000d5e00000,0x00000000fb500000)
  from space 28672K, 35% used [0x00000000fe400000,0x00000000fedd6740,0x0000000100000000)
  to   space 38400K, 0% used [0x00000000fb500000,0x00000000fb500000,0x00000000fda80000)
 ParOldGen       total 129024K, used 96953K [0x0000000081a00000, 0x0000000089800000, 0x00000000d5e00000)
  object space 129024K, 75% used [0x0000000081a00000,0x00000000878ae758,0x0000000089800000)
 Metaspace       used 92220K, capacity 98528K, committed 98560K, reserved 1134592K
  class space    used 12430K, capacity 13559K, committed 13568K, reserved 1048576K
Event: 1312.636 GC heap after
Heap after GC invocations=22 (full 4):
 PSYoungGen      total 642048K, used 0K [0x00000000d5e00000, 0x0000000100000000, 0x0000000100000000)
  eden space 613376K, 0% used [0x00000000d5e00000,0x00000000d5e00000,0x00000000fb500000)
  from space 28672K, 0% used [0x00000000fe400000,0x00000000fe400000,0x0000000100000000)
  to   space 38400K, 0% used [0x00000000fb500000,0x00000000fb500000,0x00000000fda80000)
 ParOldGen       total 205312K, used 56698K [0x0000000081a00000, 0x000000008e280000, 0x00000000d5e00000)
  object space 205312K, 27% used [0x0000000081a00000,0x000000008515e8d0,0x000000008e280000)
 Metaspace       used 92170K, capacity 98378K, committed 98560K, reserved 1134592K
  class space    used 12414K, capacity 13532K, committed 13568K, reserved 1048576K
}
Event: 1486.547 GC heap before
{Heap before GC invocations=23 (full 4):
 PSYoungGen      total 642048K, used 613376K [0x00000000d5e00000, 0x0000000100000000, 0x0000000100000000)
  eden space 613376K, 100% used [0x00000000d5e00000,0x00000000fb500000,0x00000000fb500000)
  from space 28672K, 0% used [0x00000000fe400000,0x00000000fe400000,0x0000000100000000)
  to   space 38400K, 0% used [0x00000000fb500000,0x00000000fb500000,0x00000000fda80000)
 ParOldGen       total 205312K, used 56698K [0x0000000081a00000, 0x000000008e280000, 0x00000000d5e00000)
  object space 205312K, 27% used [0x0000000081a00000,0x000000008515e8d0,0x000000008e280000)
 Metaspace       used 92364K, capacity 98654K, committed 98816K, reserved 1134592K
  class space    used 12425K, capacity 13546K, committed 13568K, reserved 1048576K
Event: 1486.616 GC heap after
Heap after GC invocations=23 (full 4):
 PSYoungGen      total 651776K, used 14332K [0x00000000d5e00000, 0x0000000100000000, 0x0000000100000000)
  eden space 613376K, 0% used [0x00000000d5e00000,0x00000000d5e00000,0x00000000fb500000)
  from space 38400K, 37% used [0x00000000fb500000,0x00000000fc2ff3d0,0x00000000fda80000)
  to   space 36352K, 0% used [0x00000000fdc80000,0x00000000fdc80000,0x0000000100000000)
 ParOldGen       total 205312K, used 56706K [0x0000000081a00000, 0x000000008e280000, 0x00000000d5e00000)
  object space 205312K, 27% used [0x0000000081a00000,0x00000000851608d0,0x000000008e280000)
 Metaspace       used 92364K, capacity 98654K, committed 98816K, reserved 1134592K
  class space    used 12425K, capacity 13546K, committed 13568K, reserved 1048576K
}

